Fri, 04 Jul 2025 16:21:08-root-log.py-[line:224]-ERROR-[日志信息]: Message: unknown error: net::ERR_CONNECTION_REFUSED
  (Session info: chrome=138.0.7204.97)
Stacktrace:
	GetHandleVerifier [0x0x7ff66bdc6f65+76917]
	GetHandleVerifier [0x0x7ff66bdc6fc0+77008]
	(No symbol) [0x0x7ff66bb79dea]
	(No symbol) [0x0x7ff66bb76ba5]
	(No symbol) [0x0x7ff66bb67879]
	(No symbol) [0x0x7ff66bb69631]
	(No symbol) [0x0x7ff66bb67b96]
	(No symbol) [0x0x7ff66bb675f6]
	(No symbol) [0x0x7ff66bb672ba]
	(No symbol) [0x0x7ff66bb64e8b]
	(No symbol) [0x0x7ff66bb6570c]
	(No symbol) [0x0x7ff66bb7dd9a]
	(No symbol) [0x0x7ff66bc2143e]
	(No symbol) [0x0x7ff66bbf846a]
	(No symbol) [0x0x7ff66bc2065c]
	(No symbol) [0x0x7ff66bbf8243]
	(No symbol) [0x0x7ff66bbc1431]
	(No symbol) [0x0x7ff66bbc21c3]
	GetHandleVerifier [0x0x7ff66c09d29d+3051437]
	GetHandleVerifier [0x0x7ff66c0978f3+3028483]
	GetHandleVerifier [0x0x7ff66c0b588d+3151261]
	GetHandleVerifier [0x0x7ff66bde182e+185662]
	GetHandleVerifier [0x0x7ff66bde96ef+218111]
	GetHandleVerifier [0x0x7ff66bdcfae4+112628]
	GetHandleVerifier [0x0x7ff66bdcfc99+113065]
	GetHandleVerifier [0x0x7ff66bdb6c68+10616]
	BaseThreadInitThunk [0x0x7ffbb80ce8d7+23]
	RtlUserThreadStart [0x0x7ffbb963c34c+44]

