Tue, 15 Jul 2025 15:02:26-root-log.py-[line:227]-ERROR-[日志信息]: <UNK>Message: no such element: Unable to locate element: {"method":"xpath","selector":"input[@class='el-upload__input']"}
  (Session info: chrome=138.0.7204.97); For documentation on this error, please visit: https://www.selenium.dev/documentation/webdriver/troubleshooting/errors#no-such-element-exception
Stacktrace:
	GetHandleVerifier [0x0x7ff68d6e6f65+76917]
	GetHandleVerifier [0x0x7ff68d6e6fc0+77008]
	(No symbol) [0x0x7ff68d499dea]
	(No symbol) [0x0x7ff68d4f0256]
	(No symbol) [0x0x7ff68d4f050c]
	(No symbol) [0x0x7ff68d543887]
	(No symbol) [0x0x7ff68d5184af]
	(No symbol) [0x0x7ff68d54065c]
	(No symbol) [0x0x7ff68d518243]
	(No symbol) [0x0x7ff68d4e1431]
	(No symbol) [0x0x7ff68d4e21c3]
	GetHandleVerifier [0x0x7ff68d9bd29d+3051437]
	GetHandleVerifier [0x0x7ff68d9b78f3+3028483]
	GetHandleVerifier [0x0x7ff68d9d588d+3151261]
	GetHandleVerifier [0x0x7ff68d70182e+185662]
	GetHandleVerifier [0x0x7ff68d7096ef+218111]
	GetHandleVerifier [0x0x7ff68d6efae4+112628]
	GetHandleVerifier [0x0x7ff68d6efc99+113065]
	GetHandleVerifier [0x0x7ff68d6d6c68+10616]
	BaseThreadInitThunk [0x0x7fff4182e8d7+23]
	RtlUserThreadStart [0x0x7fff431fc34c+44]

Tue, 15 Jul 2025 15:07:42-root-log.py-[line:227]-ERROR-[日志信息]: <UNK>Message: no such element: Unable to locate element: {"method":"xpath","selector":"input[@class="el-upload__input"]"}
  (Session info: chrome=138.0.7204.97); For documentation on this error, please visit: https://www.selenium.dev/documentation/webdriver/troubleshooting/errors#no-such-element-exception
Stacktrace:
	GetHandleVerifier [0x0x7ff68d6e6f65+76917]
	GetHandleVerifier [0x0x7ff68d6e6fc0+77008]
	(No symbol) [0x0x7ff68d499dea]
	(No symbol) [0x0x7ff68d4f0256]
	(No symbol) [0x0x7ff68d4f050c]
	(No symbol) [0x0x7ff68d543887]
	(No symbol) [0x0x7ff68d5184af]
	(No symbol) [0x0x7ff68d54065c]
	(No symbol) [0x0x7ff68d518243]
	(No symbol) [0x0x7ff68d4e1431]
	(No symbol) [0x0x7ff68d4e21c3]
	GetHandleVerifier [0x0x7ff68d9bd29d+3051437]
	GetHandleVerifier [0x0x7ff68d9b78f3+3028483]
	GetHandleVerifier [0x0x7ff68d9d588d+3151261]
	GetHandleVerifier [0x0x7ff68d70182e+185662]
	GetHandleVerifier [0x0x7ff68d7096ef+218111]
	GetHandleVerifier [0x0x7ff68d6efae4+112628]
	GetHandleVerifier [0x0x7ff68d6efc99+113065]
	GetHandleVerifier [0x0x7ff68d6d6c68+10616]
	BaseThreadInitThunk [0x0x7fff4182e8d7+23]
	RtlUserThreadStart [0x0x7fff431fc34c+44]

Tue, 15 Jul 2025 15:10:52-root-log.py-[line:227]-ERROR-[日志信息]: <UNK>Message: no such element: Unable to locate element: {"method":"xpath","selector":"input[@class="el-upload__input"]"}
  (Session info: chrome=138.0.7204.97); For documentation on this error, please visit: https://www.selenium.dev/documentation/webdriver/troubleshooting/errors#no-such-element-exception
Stacktrace:
	GetHandleVerifier [0x0x7ff68d6e6f65+76917]
	GetHandleVerifier [0x0x7ff68d6e6fc0+77008]
	(No symbol) [0x0x7ff68d499dea]
	(No symbol) [0x0x7ff68d4f0256]
	(No symbol) [0x0x7ff68d4f050c]
	(No symbol) [0x0x7ff68d543887]
	(No symbol) [0x0x7ff68d5184af]
	(No symbol) [0x0x7ff68d54065c]
	(No symbol) [0x0x7ff68d518243]
	(No symbol) [0x0x7ff68d4e1431]
	(No symbol) [0x0x7ff68d4e21c3]
	GetHandleVerifier [0x0x7ff68d9bd29d+3051437]
	GetHandleVerifier [0x0x7ff68d9b78f3+3028483]
	GetHandleVerifier [0x0x7ff68d9d588d+3151261]
	GetHandleVerifier [0x0x7ff68d70182e+185662]
	GetHandleVerifier [0x0x7ff68d7096ef+218111]
	GetHandleVerifier [0x0x7ff68d6efae4+112628]
	GetHandleVerifier [0x0x7ff68d6efc99+113065]
	GetHandleVerifier [0x0x7ff68d6d6c68+10616]
	BaseThreadInitThunk [0x0x7fff4182e8d7+23]
	RtlUserThreadStart [0x0x7fff431fc34c+44]

Tue, 15 Jul 2025 15:16:35-root-log.py-[line:227]-ERROR-[日志信息]: <UNK>Message: no such element: Unable to locate element: {"method":"xpath","selector":"input[@class="el-upload__input"]"}
  (Session info: chrome=138.0.7204.97); For documentation on this error, please visit: https://www.selenium.dev/documentation/webdriver/troubleshooting/errors#no-such-element-exception
Stacktrace:
	GetHandleVerifier [0x0x7ff68d6e6f65+76917]
	GetHandleVerifier [0x0x7ff68d6e6fc0+77008]
	(No symbol) [0x0x7ff68d499dea]
	(No symbol) [0x0x7ff68d4f0256]
	(No symbol) [0x0x7ff68d4f050c]
	(No symbol) [0x0x7ff68d543887]
	(No symbol) [0x0x7ff68d5184af]
	(No symbol) [0x0x7ff68d54065c]
	(No symbol) [0x0x7ff68d518243]
	(No symbol) [0x0x7ff68d4e1431]
	(No symbol) [0x0x7ff68d4e21c3]
	GetHandleVerifier [0x0x7ff68d9bd29d+3051437]
	GetHandleVerifier [0x0x7ff68d9b78f3+3028483]
	GetHandleVerifier [0x0x7ff68d9d588d+3151261]
	GetHandleVerifier [0x0x7ff68d70182e+185662]
	GetHandleVerifier [0x0x7ff68d7096ef+218111]
	GetHandleVerifier [0x0x7ff68d6efae4+112628]
	GetHandleVerifier [0x0x7ff68d6efc99+113065]
	GetHandleVerifier [0x0x7ff68d6d6c68+10616]
	BaseThreadInitThunk [0x0x7fff4182e8d7+23]
	RtlUserThreadStart [0x0x7fff431fc34c+44]

Tue, 15 Jul 2025 18:10:08-root-log.py-[line:227]-ERROR-[日志信息]: 无法定位到该元素('xpath', "//input[@placeholder='请输入验证码']").异常为：
('Connection aborted.', ConnectionResetError(10054, '远程主机强迫关闭了一个现有的连接。', None, 10054, None))
