Fri, 11 Jul 2025 15:50:50-root-log.py-[line:227]-ERROR-[日志信息]: 截图发生异常Message: invalid session id
Stacktrace:
	GetHandleVerifier [0x0x7ff62f146f65+76917]
	GetHandleVerifier [0x0x7ff62f146fc0+77008]
	(No symbol) [0x0x7ff62eef9c1c]
	(No symbol) [0x0x7ff62ef4055f]
	(No symbol) [0x0x7ff62ef78332]
	(No symbol) [0x0x7ff62ef72e53]
	(No symbol) [0x0x7ff62ef71f19]
	(No symbol) [0x0x7ff62eec4b05]
	GetHandleVerifier [0x0x7ff62f41d29d+3051437]
	GetHandleVerifier [0x0x7ff62f4178f3+3028483]
	GetHandleVerifier [0x0x7ff62f43588d+3151261]
	GetHandleVerifier [0x0x7ff62f16182e+185662]
	GetHandleVerifier [0x0x7ff62f1696ef+218111]
	(No symbol) [0x0x7ff62eec3b00]
	GetHandleVerifier [0x0x7ff62f535f08+4201496]
	BaseThreadInitThunk [0x0x7ffc9b8de8d7+23]
	RtlUserThreadStart [0x0x7ffc9cafc34c+44]

Fri, 11 Jul 2025 15:50:50-root-log.py-[line:227]-ERROR-[日志信息]: Message: invalid session id
Stacktrace:
	GetHandleVerifier [0x0x7ff62f146f65+76917]
	GetHandleVerifier [0x0x7ff62f146fc0+77008]
	(No symbol) [0x0x7ff62eef9c1c]
	(No symbol) [0x0x7ff62ef4055f]
	(No symbol) [0x0x7ff62ef78332]
	(No symbol) [0x0x7ff62ef72e53]
	(No symbol) [0x0x7ff62ef71f19]
	(No symbol) [0x0x7ff62eec4b05]
	GetHandleVerifier [0x0x7ff62f41d29d+3051437]
	GetHandleVerifier [0x0x7ff62f4178f3+3028483]
	GetHandleVerifier [0x0x7ff62f43588d+3151261]
	GetHandleVerifier [0x0x7ff62f16182e+185662]
	GetHandleVerifier [0x0x7ff62f1696ef+218111]
	(No symbol) [0x0x7ff62eec3b00]
	GetHandleVerifier [0x0x7ff62f535f08+4201496]
	BaseThreadInitThunk [0x0x7ffc9b8de8d7+23]
	RtlUserThreadStart [0x0x7ffc9cafc34c+44]

Fri, 11 Jul 2025 15:50:50-root-log.py-[line:227]-ERROR-[日志信息]: Message: invalid session id
Stacktrace:
	GetHandleVerifier [0x0x7ff62f146f65+76917]
	GetHandleVerifier [0x0x7ff62f146fc0+77008]
	(No symbol) [0x0x7ff62eef9c1c]
	(No symbol) [0x0x7ff62ef4055f]
	(No symbol) [0x0x7ff62ef78332]
	(No symbol) [0x0x7ff62ef72e53]
	(No symbol) [0x0x7ff62ef71f19]
	(No symbol) [0x0x7ff62eec4b05]
	GetHandleVerifier [0x0x7ff62f41d29d+3051437]
	GetHandleVerifier [0x0x7ff62f4178f3+3028483]
	GetHandleVerifier [0x0x7ff62f43588d+3151261]
	GetHandleVerifier [0x0x7ff62f16182e+185662]
	GetHandleVerifier [0x0x7ff62f1696ef+218111]
	(No symbol) [0x0x7ff62eec3b00]
	GetHandleVerifier [0x0x7ff62f535f08+4201496]
	BaseThreadInitThunk [0x0x7ffc9b8de8d7+23]
	RtlUserThreadStart [0x0x7ffc9cafc34c+44]

Fri, 11 Jul 2025 15:50:51-root-log.py-[line:227]-ERROR-[日志信息]: 截图发生异常Message: invalid session id
Stacktrace:
	GetHandleVerifier [0x0x7ff62f146f65+76917]
	GetHandleVerifier [0x0x7ff62f146fc0+77008]
	(No symbol) [0x0x7ff62eef9c1c]
	(No symbol) [0x0x7ff62ef4055f]
	(No symbol) [0x0x7ff62ef78332]
	(No symbol) [0x0x7ff62ef72e53]
	(No symbol) [0x0x7ff62ef71f19]
	(No symbol) [0x0x7ff62eec4b05]
	GetHandleVerifier [0x0x7ff62f41d29d+3051437]
	GetHandleVerifier [0x0x7ff62f4178f3+3028483]
	GetHandleVerifier [0x0x7ff62f43588d+3151261]
	GetHandleVerifier [0x0x7ff62f16182e+185662]
	GetHandleVerifier [0x0x7ff62f1696ef+218111]
	(No symbol) [0x0x7ff62eec3b00]
	GetHandleVerifier [0x0x7ff62f535f08+4201496]
	BaseThreadInitThunk [0x0x7ffc9b8de8d7+23]
	RtlUserThreadStart [0x0x7ffc9cafc34c+44]

Fri, 11 Jul 2025 15:50:51-root-log.py-[line:227]-ERROR-[日志信息]: Message: invalid session id
Stacktrace:
	GetHandleVerifier [0x0x7ff62f146f65+76917]
	GetHandleVerifier [0x0x7ff62f146fc0+77008]
	(No symbol) [0x0x7ff62eef9c1c]
	(No symbol) [0x0x7ff62ef4055f]
	(No symbol) [0x0x7ff62ef78332]
	(No symbol) [0x0x7ff62ef72e53]
	(No symbol) [0x0x7ff62ef71f19]
	(No symbol) [0x0x7ff62eec4b05]
	GetHandleVerifier [0x0x7ff62f41d29d+3051437]
	GetHandleVerifier [0x0x7ff62f4178f3+3028483]
	GetHandleVerifier [0x0x7ff62f43588d+3151261]
	GetHandleVerifier [0x0x7ff62f16182e+185662]
	GetHandleVerifier [0x0x7ff62f1696ef+218111]
	(No symbol) [0x0x7ff62eec3b00]
	GetHandleVerifier [0x0x7ff62f535f08+4201496]
	BaseThreadInitThunk [0x0x7ffc9b8de8d7+23]
	RtlUserThreadStart [0x0x7ffc9cafc34c+44]

Fri, 11 Jul 2025 15:50:51-root-log.py-[line:227]-ERROR-[日志信息]: Message: invalid session id
Stacktrace:
	GetHandleVerifier [0x0x7ff62f146f65+76917]
	GetHandleVerifier [0x0x7ff62f146fc0+77008]
	(No symbol) [0x0x7ff62eef9c1c]
	(No symbol) [0x0x7ff62ef4055f]
	(No symbol) [0x0x7ff62ef78332]
	(No symbol) [0x0x7ff62ef72e53]
	(No symbol) [0x0x7ff62ef71f19]
	(No symbol) [0x0x7ff62eec4b05]
	GetHandleVerifier [0x0x7ff62f41d29d+3051437]
	GetHandleVerifier [0x0x7ff62f4178f3+3028483]
	GetHandleVerifier [0x0x7ff62f43588d+3151261]
	GetHandleVerifier [0x0x7ff62f16182e+185662]
	GetHandleVerifier [0x0x7ff62f1696ef+218111]
	(No symbol) [0x0x7ff62eec3b00]
	GetHandleVerifier [0x0x7ff62f535f08+4201496]
	BaseThreadInitThunk [0x0x7ffc9b8de8d7+23]
	RtlUserThreadStart [0x0x7ffc9cafc34c+44]

Fri, 11 Jul 2025 15:50:52-root-log.py-[line:227]-ERROR-[日志信息]: 截图发生异常Message: invalid session id
Stacktrace:
	GetHandleVerifier [0x0x7ff62f146f65+76917]
	GetHandleVerifier [0x0x7ff62f146fc0+77008]
	(No symbol) [0x0x7ff62eef9c1c]
	(No symbol) [0x0x7ff62ef4055f]
	(No symbol) [0x0x7ff62ef78332]
	(No symbol) [0x0x7ff62ef72e53]
	(No symbol) [0x0x7ff62ef71f19]
	(No symbol) [0x0x7ff62eec4b05]
	GetHandleVerifier [0x0x7ff62f41d29d+3051437]
	GetHandleVerifier [0x0x7ff62f4178f3+3028483]
	GetHandleVerifier [0x0x7ff62f43588d+3151261]
	GetHandleVerifier [0x0x7ff62f16182e+185662]
	GetHandleVerifier [0x0x7ff62f1696ef+218111]
	(No symbol) [0x0x7ff62eec3b00]
	GetHandleVerifier [0x0x7ff62f535f08+4201496]
	BaseThreadInitThunk [0x0x7ffc9b8de8d7+23]
	RtlUserThreadStart [0x0x7ffc9cafc34c+44]

Fri, 11 Jul 2025 15:50:52-root-log.py-[line:227]-ERROR-[日志信息]: Message: invalid session id
Stacktrace:
	GetHandleVerifier [0x0x7ff62f146f65+76917]
	GetHandleVerifier [0x0x7ff62f146fc0+77008]
	(No symbol) [0x0x7ff62eef9c1c]
	(No symbol) [0x0x7ff62ef4055f]
	(No symbol) [0x0x7ff62ef78332]
	(No symbol) [0x0x7ff62ef72e53]
	(No symbol) [0x0x7ff62ef71f19]
	(No symbol) [0x0x7ff62eec4b05]
	GetHandleVerifier [0x0x7ff62f41d29d+3051437]
	GetHandleVerifier [0x0x7ff62f4178f3+3028483]
	GetHandleVerifier [0x0x7ff62f43588d+3151261]
	GetHandleVerifier [0x0x7ff62f16182e+185662]
	GetHandleVerifier [0x0x7ff62f1696ef+218111]
	(No symbol) [0x0x7ff62eec3b00]
	GetHandleVerifier [0x0x7ff62f535f08+4201496]
	BaseThreadInitThunk [0x0x7ffc9b8de8d7+23]
	RtlUserThreadStart [0x0x7ffc9cafc34c+44]

Fri, 11 Jul 2025 16:58:36-root-log.py-[line:227]-ERROR-[日志信息]: 无法定位到该元素('xpath', "//input[@placeholder='请输入验证码']").异常为：
'NoneType' object is not iterable
Fri, 11 Jul 2025 17:02:35-root-log.py-[line:227]-ERROR-[日志信息]: 无法定位到该元素('xpath', "//input[@placeholder='请输入验证码']").异常为：
'NoneType' object is not iterable
Fri, 11 Jul 2025 17:06:24-root-log.py-[line:227]-ERROR-[日志信息]: 无法定位到该元素('xpath', "//input[@placeholder='请输入验证码']").异常为：
'NoneType' object is not iterable
Fri, 11 Jul 2025 17:07:57-root-log.py-[line:227]-ERROR-[日志信息]: 无法定位到该元素('xpath', "//input[@placeholder='请输入验证码']").异常为：
'NoneType' object is not iterable
Fri, 11 Jul 2025 18:02:57-root-log.py-[line:227]-ERROR-[日志信息]: 获取弹窗异常:Message: 
Stacktrace:
	GetHandleVerifier [0x0x7ff62f146f65+76917]
	GetHandleVerifier [0x0x7ff62f146fc0+77008]
	(No symbol) [0x0x7ff62eef9dea]
	(No symbol) [0x0x7ff62ef50256]
	(No symbol) [0x0x7ff62ef5050c]
	(No symbol) [0x0x7ff62efa3887]
	(No symbol) [0x0x7ff62ef784af]
	(No symbol) [0x0x7ff62efa065c]
	(No symbol) [0x0x7ff62ef78243]
	(No symbol) [0x0x7ff62ef41431]
	(No symbol) [0x0x7ff62ef421c3]
	GetHandleVerifier [0x0x7ff62f41d29d+3051437]
	GetHandleVerifier [0x0x7ff62f4178f3+3028483]
	GetHandleVerifier [0x0x7ff62f43588d+3151261]
	GetHandleVerifier [0x0x7ff62f16182e+185662]
	GetHandleVerifier [0x0x7ff62f1696ef+218111]
	GetHandleVerifier [0x0x7ff62f14fae4+112628]
	GetHandleVerifier [0x0x7ff62f14fc99+113065]
	GetHandleVerifier [0x0x7ff62f136c68+10616]
	BaseThreadInitThunk [0x0x7ffc9b8de8d7+23]
	RtlUserThreadStart [0x0x7ffc9cafc34c+44]

