Wed, 16 Jul 2025 09:39:31-root-log.py-[line:227]-ERROR-[日志信息]: 获取弹窗异常:Message: 
Stacktrace:
	GetHandleVerifier [0x0x7ff659ea6f65+76917]
	GetHandleVerifier [0x0x7ff659ea6fc0+77008]
	(No symbol) [0x0x7ff659c59dea]
	(No symbol) [0x0x7ff659cb0256]
	(No symbol) [0x0x7ff659cb050c]
	(No symbol) [0x0x7ff659d03887]
	(No symbol) [0x0x7ff659cd84af]
	(No symbol) [0x0x7ff659d0065c]
	(No symbol) [0x0x7ff659cd8243]
	(No symbol) [0x0x7ff659ca1431]
	(No symbol) [0x0x7ff659ca21c3]
	GetHandleVerifier [0x0x7ff65a17d29d+3051437]
	GetHandleVerifier [0x0x7ff65a1778f3+3028483]
	GetHandleVerifier [0x0x7ff65a19588d+3151261]
	GetHandleVerifier [0x0x7ff659ec182e+185662]
	GetHandleVerifier [0x0x7ff659ec96ef+218111]
	GetHandleVerifier [0x0x7ff659eafae4+112628]
	GetHandleVerifier [0x0x7ff659eafc99+113065]
	GetHandleVerifier [0x0x7ff659e96c68+10616]
	BaseThreadInitThunk [0x0x7ffe120ee8d7+23]
	RtlUserThreadStart [0x0x7ffe1353c34c+44]

Wed, 16 Jul 2025 09:50:31-root-log.py-[line:227]-ERROR-[日志信息]: 无法定位到该元素('xpath', "//input[@placeholder='请输入账号']").异常为：
Message: invalid session id: session deleted as the browser has closed the connection
from disconnected: not connected to DevTools
  (Session info: chrome=138.0.7204.97)
Stacktrace:
	GetHandleVerifier [0x0x7ff659ea6f65+76917]
	GetHandleVerifier [0x0x7ff659ea6fc0+77008]
	(No symbol) [0x0x7ff659c59dea]
	(No symbol) [0x0x7ff659c45f15]
	(No symbol) [0x0x7ff659c6abf4]
	(No symbol) [0x0x7ff659cdfa85]
	(No symbol) [0x0x7ff659cfff72]
	(No symbol) [0x0x7ff659cd8243]
	(No symbol) [0x0x7ff659ca1431]
	(No symbol) [0x0x7ff659ca21c3]
	GetHandleVerifier [0x0x7ff65a17d29d+3051437]
	GetHandleVerifier [0x0x7ff65a1778f3+3028483]
	GetHandleVerifier [0x0x7ff65a19588d+3151261]
	GetHandleVerifier [0x0x7ff659ec182e+185662]
	GetHandleVerifier [0x0x7ff659ec96ef+218111]
	GetHandleVerifier [0x0x7ff659eafae4+112628]
	GetHandleVerifier [0x0x7ff659eafc99+113065]
	GetHandleVerifier [0x0x7ff659e96c68+10616]
	BaseThreadInitThunk [0x0x7ffe120ee8d7+23]
	RtlUserThreadStart [0x0x7ffe1353c34c+44]

Wed, 16 Jul 2025 16:54:36-root-log.py-[line:227]-ERROR-[日志信息]: 获取弹窗异常:Message: 
Stacktrace:
	GetHandleVerifier [0x0x7ff699fe6f65+76917]
	GetHandleVerifier [0x0x7ff699fe6fc0+77008]
	(No symbol) [0x0x7ff699d99dea]
	(No symbol) [0x0x7ff699df0256]
	(No symbol) [0x0x7ff699df050c]
	(No symbol) [0x0x7ff699e43887]
	(No symbol) [0x0x7ff699e184af]
	(No symbol) [0x0x7ff699e4065c]
	(No symbol) [0x0x7ff699e18243]
	(No symbol) [0x0x7ff699de1431]
	(No symbol) [0x0x7ff699de21c3]
	GetHandleVerifier [0x0x7ff69a2bd29d+3051437]
	GetHandleVerifier [0x0x7ff69a2b78f3+3028483]
	GetHandleVerifier [0x0x7ff69a2d588d+3151261]
	GetHandleVerifier [0x0x7ff69a00182e+185662]
	GetHandleVerifier [0x0x7ff69a0096ef+218111]
	GetHandleVerifier [0x0x7ff699fefae4+112628]
	GetHandleVerifier [0x0x7ff699fefc99+113065]
	GetHandleVerifier [0x0x7ff699fd6c68+10616]
	BaseThreadInitThunk [0x0x7ffe120ee8d7+23]
	RtlUserThreadStart [0x0x7ffe1353c34c+44]

Wed, 16 Jul 2025 17:43:23-root-log.py-[line:227]-ERROR-[日志信息]: 无法定位到该元素('xpath', "//input[@id=//label[contains(normalize-space(), '政策名称')]/@for]").异常为：
Message: 
Stacktrace:
	GetHandleVerifier [0x0x7ff699fe6f65+76917]
	GetHandleVerifier [0x0x7ff699fe6fc0+77008]
	(No symbol) [0x0x7ff699d99dea]
	(No symbol) [0x0x7ff699df0256]
	(No symbol) [0x0x7ff699df050c]
	(No symbol) [0x0x7ff699e43887]
	(No symbol) [0x0x7ff699e184af]
	(No symbol) [0x0x7ff699e4065c]
	(No symbol) [0x0x7ff699e18243]
	(No symbol) [0x0x7ff699de1431]
	(No symbol) [0x0x7ff699de21c3]
	GetHandleVerifier [0x0x7ff69a2bd29d+3051437]
	GetHandleVerifier [0x0x7ff69a2b78f3+3028483]
	GetHandleVerifier [0x0x7ff69a2d588d+3151261]
	GetHandleVerifier [0x0x7ff69a00182e+185662]
	GetHandleVerifier [0x0x7ff69a0096ef+218111]
	GetHandleVerifier [0x0x7ff699fefae4+112628]
	GetHandleVerifier [0x0x7ff699fefc99+113065]
	GetHandleVerifier [0x0x7ff699fd6c68+10616]
	BaseThreadInitThunk [0x0x7ffe120ee8d7+23]
	RtlUserThreadStart [0x0x7ffe1353c34c+44]

Wed, 16 Jul 2025 17:44:13-root-log.py-[line:227]-ERROR-[日志信息]: 无法定位到该元素('xpath', "//div[@class='ql-editor ql-blank'][2]").异常为：
Message: 
Stacktrace:
	GetHandleVerifier [0x0x7ff699fe6f65+76917]
	GetHandleVerifier [0x0x7ff699fe6fc0+77008]
	(No symbol) [0x0x7ff699d99dea]
	(No symbol) [0x0x7ff699df0256]
	(No symbol) [0x0x7ff699df050c]
	(No symbol) [0x0x7ff699e43887]
	(No symbol) [0x0x7ff699e184af]
	(No symbol) [0x0x7ff699e4065c]
	(No symbol) [0x0x7ff699e18243]
	(No symbol) [0x0x7ff699de1431]
	(No symbol) [0x0x7ff699de21c3]
	GetHandleVerifier [0x0x7ff69a2bd29d+3051437]
	GetHandleVerifier [0x0x7ff69a2b78f3+3028483]
	GetHandleVerifier [0x0x7ff69a2d588d+3151261]
	GetHandleVerifier [0x0x7ff69a00182e+185662]
	GetHandleVerifier [0x0x7ff69a0096ef+218111]
	GetHandleVerifier [0x0x7ff699fefae4+112628]
	GetHandleVerifier [0x0x7ff699fefc99+113065]
	GetHandleVerifier [0x0x7ff699fd6c68+10616]
	BaseThreadInitThunk [0x0x7ffe120ee8d7+23]
	RtlUserThreadStart [0x0x7ffe1353c34c+44]

Wed, 16 Jul 2025 17:58:34-root-log.py-[line:227]-ERROR-[日志信息]: 无法定位到该元素('xpath', "div[@class=el-form-item__label-wrap and div[contains(text(),'项目需求')]]..//div[@class='ql-editor ql-blank']").异常为：
Message: invalid selector: Unable to locate an element with the xpath expression div[@class=el-form-item__label-wrap and div[contains(text(),'项目需求')]]..//div[@class='ql-editor ql-blank'] because of the following error:
SyntaxError: Failed to execute 'evaluate' on 'Document': The string 'div[@class=el-form-item__label-wrap and div[contains(text(),'项目需求')]]..//div[@class='ql-editor ql-blank']' is not a valid XPath expression.
  (Session info: chrome=138.0.7204.97); For documentation on this error, please visit: https://www.selenium.dev/documentation/webdriver/troubleshooting/errors#invalid-selector-exception
Stacktrace:
	GetHandleVerifier [0x0x7ff699fe6f65+76917]
	GetHandleVerifier [0x0x7ff699fe6fc0+77008]
	(No symbol) [0x0x7ff699d99dea]
	(No symbol) [0x0x7ff699da1789]
	(No symbol) [0x0x7ff699da482c]
	(No symbol) [0x0x7ff699da48ff]
	(No symbol) [0x0x7ff699defb07]
	(No symbol) [0x0x7ff699df050c]
	(No symbol) [0x0x7ff699e43887]
	(No symbol) [0x0x7ff699e184af]
	(No symbol) [0x0x7ff699e4065c]
	(No symbol) [0x0x7ff699e18243]
	(No symbol) [0x0x7ff699de1431]
	(No symbol) [0x0x7ff699de21c3]
	GetHandleVerifier [0x0x7ff69a2bd29d+3051437]
	GetHandleVerifier [0x0x7ff69a2b78f3+3028483]
	GetHandleVerifier [0x0x7ff69a2d588d+3151261]
	GetHandleVerifier [0x0x7ff69a00182e+185662]
	GetHandleVerifier [0x0x7ff69a0096ef+218111]
	GetHandleVerifier [0x0x7ff699fefae4+112628]
	GetHandleVerifier [0x0x7ff699fefc99+113065]
	GetHandleVerifier [0x0x7ff699fd6c68+10616]
	BaseThreadInitThunk [0x0x7ffe120ee8d7+23]
	RtlUserThreadStart [0x0x7ffe1353c34c+44]

Wed, 16 Jul 2025 18:01:00-root-log.py-[line:227]-ERROR-[日志信息]: 无法定位到该元素('xpath', "div[@class=el-form-item__label-wrap and ./div[contains(text(),'项目需求')]]..//div[@class='ql-editor ql-blank']").异常为：
Message: invalid selector: Unable to locate an element with the xpath expression div[@class=el-form-item__label-wrap and ./div[contains(text(),'项目需求')]]..//div[@class='ql-editor ql-blank'] because of the following error:
SyntaxError: Failed to execute 'evaluate' on 'Document': The string 'div[@class=el-form-item__label-wrap and ./div[contains(text(),'项目需求')]]..//div[@class='ql-editor ql-blank']' is not a valid XPath expression.
  (Session info: chrome=138.0.7204.97); For documentation on this error, please visit: https://www.selenium.dev/documentation/webdriver/troubleshooting/errors#invalid-selector-exception
Stacktrace:
	GetHandleVerifier [0x0x7ff699fe6f65+76917]
	GetHandleVerifier [0x0x7ff699fe6fc0+77008]
	(No symbol) [0x0x7ff699d99dea]
	(No symbol) [0x0x7ff699da1789]
	(No symbol) [0x0x7ff699da482c]
	(No symbol) [0x0x7ff699da48ff]
	(No symbol) [0x0x7ff699defb07]
	(No symbol) [0x0x7ff699df050c]
	(No symbol) [0x0x7ff699e43887]
	(No symbol) [0x0x7ff699e184af]
	(No symbol) [0x0x7ff699e4065c]
	(No symbol) [0x0x7ff699e18243]
	(No symbol) [0x0x7ff699de1431]
	(No symbol) [0x0x7ff699de21c3]
	GetHandleVerifier [0x0x7ff69a2bd29d+3051437]
	GetHandleVerifier [0x0x7ff69a2b78f3+3028483]
	GetHandleVerifier [0x0x7ff69a2d588d+3151261]
	GetHandleVerifier [0x0x7ff69a00182e+185662]
	GetHandleVerifier [0x0x7ff69a0096ef+218111]
	GetHandleVerifier [0x0x7ff699fefae4+112628]
	GetHandleVerifier [0x0x7ff699fefc99+113065]
	GetHandleVerifier [0x0x7ff699fd6c68+10616]
	BaseThreadInitThunk [0x0x7ffe120ee8d7+23]
	RtlUserThreadStart [0x0x7ffe1353c34c+44]

Wed, 16 Jul 2025 18:04:35-root-log.py-[line:227]-ERROR-[日志信息]: 无法定位到该元素('xpath', "div[@class='el-form-item el-form-item--default is-required asterisk-left' and .//div[text()='项目需求']]//div[@class='ql-editor ql-blank']").异常为：
Message: 
Stacktrace:
	GetHandleVerifier [0x0x7ff699fe6f65+76917]
	GetHandleVerifier [0x0x7ff699fe6fc0+77008]
	(No symbol) [0x0x7ff699d99dea]
	(No symbol) [0x0x7ff699df0256]
	(No symbol) [0x0x7ff699df050c]
	(No symbol) [0x0x7ff699e43887]
	(No symbol) [0x0x7ff699e184af]
	(No symbol) [0x0x7ff699e4065c]
	(No symbol) [0x0x7ff699e18243]
	(No symbol) [0x0x7ff699de1431]
	(No symbol) [0x0x7ff699de21c3]
	GetHandleVerifier [0x0x7ff69a2bd29d+3051437]
	GetHandleVerifier [0x0x7ff69a2b78f3+3028483]
	GetHandleVerifier [0x0x7ff69a2d588d+3151261]
	GetHandleVerifier [0x0x7ff69a00182e+185662]
	GetHandleVerifier [0x0x7ff69a0096ef+218111]
	GetHandleVerifier [0x0x7ff699fefae4+112628]
	GetHandleVerifier [0x0x7ff699fefc99+113065]
	GetHandleVerifier [0x0x7ff699fd6c68+10616]
	BaseThreadInitThunk [0x0x7ffe120ee8d7+23]
	RtlUserThreadStart [0x0x7ffe1353c34c+44]

Wed, 16 Jul 2025 18:06:41-root-log.py-[line:227]-ERROR-[日志信息]: 无法定位到该元素('xpath', "div[@class='el-form-item el-form-item--default is-required asterisk-left' and .//div[@class='el-form-item__label' and contains(text(),'项目需求')]]//div[@class='ql-editor ql-blank']").异常为：
Message: 
Stacktrace:
	GetHandleVerifier [0x0x7ff699fe6f65+76917]
	GetHandleVerifier [0x0x7ff699fe6fc0+77008]
	(No symbol) [0x0x7ff699d99dea]
	(No symbol) [0x0x7ff699df0256]
	(No symbol) [0x0x7ff699df050c]
	(No symbol) [0x0x7ff699e43887]
	(No symbol) [0x0x7ff699e184af]
	(No symbol) [0x0x7ff699e4065c]
	(No symbol) [0x0x7ff699e18243]
	(No symbol) [0x0x7ff699de1431]
	(No symbol) [0x0x7ff699de21c3]
	GetHandleVerifier [0x0x7ff69a2bd29d+3051437]
	GetHandleVerifier [0x0x7ff69a2b78f3+3028483]
	GetHandleVerifier [0x0x7ff69a2d588d+3151261]
	GetHandleVerifier [0x0x7ff69a00182e+185662]
	GetHandleVerifier [0x0x7ff69a0096ef+218111]
	GetHandleVerifier [0x0x7ff699fefae4+112628]
	GetHandleVerifier [0x0x7ff699fefc99+113065]
	GetHandleVerifier [0x0x7ff699fd6c68+10616]
	BaseThreadInitThunk [0x0x7ffe120ee8d7+23]
	RtlUserThreadStart [0x0x7ffe1353c34c+44]

Wed, 16 Jul 2025 18:08:41-root-log.py-[line:227]-ERROR-[日志信息]: 无法定位到该元素('xpath', "//div[@class='el-form-item el-form-item--default is-required asterisk-left' and .//div[@class='el-form-item__label' and contains(text(),'项目需求')]]//div[@class='ql-editor ql-blank']").异常为：
Message: 
Stacktrace:
	GetHandleVerifier [0x0x7ff699fe6f65+76917]
	GetHandleVerifier [0x0x7ff699fe6fc0+77008]
	(No symbol) [0x0x7ff699d99dea]
	(No symbol) [0x0x7ff699df0256]
	(No symbol) [0x0x7ff699df050c]
	(No symbol) [0x0x7ff699e43887]
	(No symbol) [0x0x7ff699e184af]
	(No symbol) [0x0x7ff699e4065c]
	(No symbol) [0x0x7ff699e18243]
	(No symbol) [0x0x7ff699de1431]
	(No symbol) [0x0x7ff699de21c3]
	GetHandleVerifier [0x0x7ff69a2bd29d+3051437]
	GetHandleVerifier [0x0x7ff69a2b78f3+3028483]
	GetHandleVerifier [0x0x7ff69a2d588d+3151261]
	GetHandleVerifier [0x0x7ff69a00182e+185662]
	GetHandleVerifier [0x0x7ff69a0096ef+218111]
	GetHandleVerifier [0x0x7ff699fefae4+112628]
	GetHandleVerifier [0x0x7ff699fefc99+113065]
	GetHandleVerifier [0x0x7ff699fd6c68+10616]
	BaseThreadInitThunk [0x0x7ffe120ee8d7+23]
	RtlUserThreadStart [0x0x7ffe1353c34c+44]

