Thu, 10 Jul 2025 09:36:05-root-log.py-[line:221]-INFO-[日志信息]: 点击：登录
Thu, 10 Jul 2025 09:36:06-root-log.py-[line:221]-INFO-[日志信息]: 点击：请输入账号,并输入值：15000000001
Thu, 10 Jul 2025 09:36:06-root-log.py-[line:221]-INFO-[日志信息]: 点击：请输入密码,并输入值：xqpt88888888-
Thu, 10 Jul 2025 09:36:11-root-log.py-[line:221]-INFO-[日志信息]: 点击：登录
Thu, 10 Jul 2025 09:42:37-root-log.py-[line:221]-INFO-[日志信息]: 点击：登录
Thu, 10 Jul 2025 09:42:38-root-log.py-[line:221]-INFO-[日志信息]: 点击：请输入账号,并输入值：15000000001
Thu, 10 Jul 2025 09:42:38-root-log.py-[line:221]-INFO-[日志信息]: 点击：请输入密码,并输入值：xqpt88888888-
Thu, 10 Jul 2025 09:42:44-root-log.py-[line:221]-INFO-[日志信息]: 点击：登录
Thu, 10 Jul 2025 09:43:11-root-log.py-[line:221]-INFO-[日志信息]: 点击：登录
Thu, 10 Jul 2025 09:43:11-root-log.py-[line:221]-INFO-[日志信息]: 点击：请输入账号,并输入值：15000000001
Thu, 10 Jul 2025 09:43:12-root-log.py-[line:221]-INFO-[日志信息]: 点击：请输入密码,并输入值：xqpt88888888-
Thu, 10 Jul 2025 09:43:17-root-log.py-[line:221]-INFO-[日志信息]: 点击：登录
Thu, 10 Jul 2025 09:44:19-root-log.py-[line:221]-INFO-[日志信息]: 点击：登录
Thu, 10 Jul 2025 09:44:19-root-log.py-[line:221]-INFO-[日志信息]: 点击：请输入账号,并输入值：15000000001
Thu, 10 Jul 2025 09:44:20-root-log.py-[line:221]-INFO-[日志信息]: 点击：请输入密码,并输入值：xqpt88888888-
Thu, 10 Jul 2025 09:44:25-root-log.py-[line:221]-INFO-[日志信息]: 点击：登录
Thu, 10 Jul 2025 09:45:23-root-log.py-[line:221]-INFO-[日志信息]: 点击：登录
Thu, 10 Jul 2025 09:45:24-root-log.py-[line:221]-INFO-[日志信息]: 点击：请输入账号,并输入值：15000000001
Thu, 10 Jul 2025 09:45:24-root-log.py-[line:221]-INFO-[日志信息]: 点击：请输入密码,并输入值：xqpt88888888-
Thu, 10 Jul 2025 09:45:30-root-log.py-[line:221]-INFO-[日志信息]: 点击：登录
Thu, 10 Jul 2025 09:46:06-root-log.py-[line:221]-INFO-[日志信息]: 点击：登录
Thu, 10 Jul 2025 09:46:06-root-log.py-[line:221]-INFO-[日志信息]: 点击：请输入账号,并输入值：15000000001
Thu, 10 Jul 2025 09:46:07-root-log.py-[line:221]-INFO-[日志信息]: 点击：请输入密码,并输入值：xqpt88888888-
Thu, 10 Jul 2025 09:46:07-root-log.py-[line:221]-INFO-[日志信息]: 点击：登录
Thu, 10 Jul 2025 09:46:40-root-log.py-[line:221]-INFO-[日志信息]: 点击：登录
Thu, 10 Jul 2025 09:46:41-root-log.py-[line:221]-INFO-[日志信息]: 点击：请输入账号,并输入值：15000000001
Thu, 10 Jul 2025 09:46:41-root-log.py-[line:221]-INFO-[日志信息]: 点击：请输入密码,并输入值：xqpt88888888-
Thu, 10 Jul 2025 09:46:46-root-log.py-[line:221]-INFO-[日志信息]: 点击：登录
Thu, 10 Jul 2025 09:48:59-root-log.py-[line:221]-INFO-[日志信息]: 点击：登录
Thu, 10 Jul 2025 09:49:00-root-log.py-[line:221]-INFO-[日志信息]: 点击：请输入账号,并输入值：15000000001
Thu, 10 Jul 2025 09:49:00-root-log.py-[line:221]-INFO-[日志信息]: 点击：请输入密码,并输入值：xqpt88888888-
Thu, 10 Jul 2025 09:49:11-root-log.py-[line:221]-INFO-[日志信息]: 点击：登录
Thu, 10 Jul 2025 09:49:50-root-log.py-[line:221]-INFO-[日志信息]: 点击：登录
Thu, 10 Jul 2025 09:49:50-root-log.py-[line:221]-INFO-[日志信息]: 点击：请输入账号,并输入值：15000000001
Thu, 10 Jul 2025 09:49:51-root-log.py-[line:221]-INFO-[日志信息]: 点击：请输入密码,并输入值：xqpt88888888
Thu, 10 Jul 2025 09:50:01-root-log.py-[line:221]-INFO-[日志信息]: 点击：登录
Thu, 10 Jul 2025 09:51:43-root-log.py-[line:221]-INFO-[日志信息]: 点击('xpath', "//div[@class='tab tab-active']")
Thu, 10 Jul 2025 09:51:44-root-log.py-[line:221]-INFO-[日志信息]: 点击：请输入账号,并输入值：15000000001
Thu, 10 Jul 2025 09:51:45-root-log.py-[line:221]-INFO-[日志信息]: 点击：请输入密码,并输入值：xqpt88888888
Thu, 10 Jul 2025 09:51:55-root-log.py-[line:221]-INFO-[日志信息]: 点击：登录
Thu, 10 Jul 2025 09:52:01-root-log.py-[line:221]-INFO-[日志信息]: 用户基础数据
Thu, 10 Jul 2025 09:53:56-root-log.py-[line:221]-INFO-[日志信息]: 点击('xpath', "//div[@class='tab tab-active']")
Thu, 10 Jul 2025 09:53:56-root-log.py-[line:221]-INFO-[日志信息]: 点击：请输入账号,并输入值：15000000001
Thu, 10 Jul 2025 09:53:57-root-log.py-[line:221]-INFO-[日志信息]: 点击：请输入密码,并输入值：xqpt88888888
Thu, 10 Jul 2025 09:55:04-root-log.py-[line:221]-INFO-[日志信息]: 点击('xpath', "//div[@class='tab tab-active']")
Thu, 10 Jul 2025 09:55:04-root-log.py-[line:221]-INFO-[日志信息]: 点击：请输入账号,并输入值：15000000001
Thu, 10 Jul 2025 09:55:05-root-log.py-[line:221]-INFO-[日志信息]: 点击：请输入密码,并输入值：xqpt88888888
Thu, 10 Jul 2025 09:57:12-root-log.py-[line:221]-INFO-[日志信息]: 点击('xpath', "//div[@class='tab tab-active']")
Thu, 10 Jul 2025 09:57:13-root-log.py-[line:221]-INFO-[日志信息]: 点击：请输入账号,并输入值：15000000001
Thu, 10 Jul 2025 09:57:13-root-log.py-[line:221]-INFO-[日志信息]: 点击：请输入密码,并输入值：xqpt88888888
Thu, 10 Jul 2025 09:57:24-root-log.py-[line:221]-INFO-[日志信息]: 点击('xpath', "//button[@type='button']")
Thu, 10 Jul 2025 09:57:29-root-log.py-[line:221]-INFO-[日志信息]: 用户基础数据
Thu, 10 Jul 2025 09:57:29-root-log.py-[line:221]-INFO-[日志信息]: 登录成功，断言通过
Thu, 10 Jul 2025 10:00:13-root-log.py-[line:221]-INFO-[日志信息]: 点击('xpath', "//div[@class='tab tab-active']")
Thu, 10 Jul 2025 10:00:13-root-log.py-[line:221]-INFO-[日志信息]: 点击：请输入账号,并输入值：15000000001
Thu, 10 Jul 2025 10:00:14-root-log.py-[line:221]-INFO-[日志信息]: 点击：请输入密码,并输入值：xqpt88888888
Thu, 10 Jul 2025 10:04:05-root-log.py-[line:221]-INFO-[日志信息]: 点击('xpath', "//div[@class='tab tab-active']")
Thu, 10 Jul 2025 10:04:05-root-log.py-[line:221]-INFO-[日志信息]: 点击：请输入账号,并输入值：15000000001
Thu, 10 Jul 2025 10:04:06-root-log.py-[line:221]-INFO-[日志信息]: 点击：请输入密码,并输入值：xqpt88888888
Thu, 10 Jul 2025 10:04:16-root-log.py-[line:221]-INFO-[日志信息]: 点击：登录
Thu, 10 Jul 2025 10:04:21-root-log.py-[line:221]-INFO-[日志信息]: 用户基础数据
Thu, 10 Jul 2025 10:04:21-root-log.py-[line:221]-INFO-[日志信息]: 登录成功，断言通过
Thu, 10 Jul 2025 14:18:08-root-log.py-[line:221]-INFO-[日志信息]: 点击('xpath', "//div[@class='tab tab-active']")
Thu, 10 Jul 2025 14:18:09-root-log.py-[line:221]-INFO-[日志信息]: 点击：请输入账号,并输入值：15000000001
Thu, 10 Jul 2025 14:18:09-root-log.py-[line:221]-INFO-[日志信息]: 点击：请输入密码,并输入值：xqpt88888888
Thu, 10 Jul 2025 14:18:19-root-log.py-[line:221]-INFO-[日志信息]: 点击：登录
Thu, 10 Jul 2025 14:18:20-root-log.py-[line:221]-INFO-[日志信息]: 用户基础数据
Thu, 10 Jul 2025 14:18:20-root-log.py-[line:221]-INFO-[日志信息]: 点击('xpath', "//i[@class='el-icon']//*[name()='svg']//*[name()='path' and contains(@fill,'currentCol')]")
Thu, 10 Jul 2025 14:18:21-root-log.py-[line:221]-INFO-[日志信息]: 点击：退出登录
Thu, 10 Jul 2025 14:18:21-root-log.py-[line:221]-INFO-[日志信息]: 登录成功，断言通过
Thu, 10 Jul 2025 17:36:36-root-log.py-[line:221]-INFO-[日志信息]: 点击('xpath', "//div[@class='tab tab-active']")
Thu, 10 Jul 2025 17:36:37-root-log.py-[line:221]-INFO-[日志信息]: 点击：请输入账号,并输入值：15000000001
Thu, 10 Jul 2025 17:36:37-root-log.py-[line:221]-INFO-[日志信息]: 点击：请输入密码,并输入值：xqpt88888888
Thu, 10 Jul 2025 17:36:48-root-log.py-[line:221]-INFO-[日志信息]: 点击：登录
Thu, 10 Jul 2025 17:47:57-root-log.py-[line:221]-INFO-[日志信息]: 点击：验证码登录
Thu, 10 Jul 2025 17:47:58-root-log.py-[line:221]-INFO-[日志信息]: 点击：请输入账号,并输入值：15000000001
Thu, 10 Jul 2025 17:49:45-root-log.py-[line:221]-INFO-[日志信息]: 点击：验证码登录
Thu, 10 Jul 2025 17:49:45-root-log.py-[line:221]-INFO-[日志信息]: 点击：请输入账号,并输入值：15000000001
Thu, 10 Jul 2025 17:50:53-root-log.py-[line:221]-INFO-[日志信息]: 点击('xpath', "//div[@class='tab tab-active']")
Thu, 10 Jul 2025 17:50:53-root-log.py-[line:221]-INFO-[日志信息]: 点击：请输入账号,并输入值：15000000001
Thu, 10 Jul 2025 17:50:54-root-log.py-[line:221]-INFO-[日志信息]: 点击：请输入密码,并输入值：xqpt88888888
Thu, 10 Jul 2025 17:51:04-root-log.py-[line:221]-INFO-[日志信息]: 点击：登录
Thu, 10 Jul 2025 17:51:04-root-log.py-[line:221]-INFO-[日志信息]: 用户基础数据
Thu, 10 Jul 2025 17:51:05-root-log.py-[line:221]-INFO-[日志信息]: 点击('xpath', "//i[@class='el-icon']//*[name()='svg']//*[name()='path' and contains(@fill,'currentCol')]")
Thu, 10 Jul 2025 17:51:05-root-log.py-[line:221]-INFO-[日志信息]: 点击：退出登录
Thu, 10 Jul 2025 17:51:05-root-log.py-[line:221]-INFO-[日志信息]: 登录成功，断言通过
Thu, 10 Jul 2025 17:51:17-root-log.py-[line:221]-INFO-[日志信息]: 点击：验证码登录
Thu, 10 Jul 2025 17:51:18-root-log.py-[line:221]-INFO-[日志信息]: 点击：请输入账号,并输入值：15000000001
Thu, 10 Jul 2025 17:51:18-root-log.py-[line:221]-INFO-[日志信息]: 点击('xpath', "//div[@class='code-btn']")
Thu, 10 Jul 2025 17:51:18-root-log.py-[line:221]-INFO-[日志信息]: 点击：请输入验证码,并输入值：1234
Thu, 10 Jul 2025 17:51:19-root-log.py-[line:221]-INFO-[日志信息]: 点击：登录
Thu, 10 Jul 2025 17:52:36-root-log.py-[line:221]-INFO-[日志信息]: 点击：验证码登录
Thu, 10 Jul 2025 17:52:36-root-log.py-[line:221]-INFO-[日志信息]: 点击：请输入账号,并输入值：15000000001
Thu, 10 Jul 2025 17:52:37-root-log.py-[line:221]-INFO-[日志信息]: 点击('xpath', "//div[@class='code-btn']")
Thu, 10 Jul 2025 17:52:37-root-log.py-[line:227]-ERROR-[日志信息]: 无法定位到该元素('xpath', "//input[@placeholder='请输入验证码'] and contains(text(),'获取验证码')").异常为：
Message: invalid selector: Unable to locate an element with the xpath expression //input[@placeholder='请输入验证码'] and contains(text(),'获取验证码') because of the following error:
TypeError: Failed to execute 'evaluate' on 'Document': The result is not a node set, and therefore cannot be converted to the desired type.
  (Session info: chrome=138.0.7204.97); For documentation on this error, please visit: https://www.selenium.dev/documentation/webdriver/troubleshooting/errors#invalid-selector-exception
Stacktrace:
	GetHandleVerifier [0x0x7ff648166f65+76917]
	GetHandleVerifier [0x0x7ff648166fc0+77008]
	(No symbol) [0x0x7ff647f19dea]
	(No symbol) [0x0x7ff647f21789]
	(No symbol) [0x0x7ff647f2482c]
	(No symbol) [0x0x7ff647f248ff]
	(No symbol) [0x0x7ff647f6fb07]
	(No symbol) [0x0x7ff647f7050c]
	(No symbol) [0x0x7ff647fc3887]
	(No symbol) [0x0x7ff647f984af]
	(No symbol) [0x0x7ff647fc065c]
	(No symbol) [0x0x7ff647f98243]
	(No symbol) [0x0x7ff647f61431]
	(No symbol) [0x0x7ff647f621c3]
	GetHandleVerifier [0x0x7ff64843d29d+3051437]
	GetHandleVerifier [0x0x7ff6484378f3+3028483]
	GetHandleVerifier [0x0x7ff64845588d+3151261]
	GetHandleVerifier [0x0x7ff64818182e+185662]
	GetHandleVerifier [0x0x7ff6481896ef+218111]
	GetHandleVerifier [0x0x7ff64816fae4+112628]
	GetHandleVerifier [0x0x7ff64816fc99+113065]
	GetHandleVerifier [0x0x7ff648156c68+10616]
	BaseThreadInitThunk [0x0x7ffd139ce8d7+23]
	RtlUserThreadStart [0x0x7ffd141dc34c+44]

Thu, 10 Jul 2025 17:53:25-root-log.py-[line:221]-INFO-[日志信息]: 点击：验证码登录
Thu, 10 Jul 2025 17:53:25-root-log.py-[line:221]-INFO-[日志信息]: 点击：请输入账号,并输入值：15000000001
Thu, 10 Jul 2025 17:54:52-root-log.py-[line:221]-INFO-[日志信息]: 点击：验证码登录
Thu, 10 Jul 2025 17:54:53-root-log.py-[line:221]-INFO-[日志信息]: 点击：请输入账号,并输入值：15000000001
Thu, 10 Jul 2025 17:55:35-root-log.py-[line:221]-INFO-[日志信息]: 点击：验证码登录
Thu, 10 Jul 2025 17:55:35-root-log.py-[line:221]-INFO-[日志信息]: 点击：请输入账号,并输入值：15000000001
Thu, 10 Jul 2025 17:55:36-root-log.py-[line:221]-INFO-[日志信息]: 点击：获取验证码
Thu, 10 Jul 2025 17:55:36-root-log.py-[line:221]-INFO-[日志信息]: 点击：请输入验证码,并输入值：1234
Thu, 10 Jul 2025 17:55:36-root-log.py-[line:221]-INFO-[日志信息]: 点击：登录
Thu, 10 Jul 2025 17:55:52-root-log.py-[line:221]-INFO-[日志信息]: 点击：验证码登录
Thu, 10 Jul 2025 17:55:53-root-log.py-[line:221]-INFO-[日志信息]: 点击：请输入账号,并输入值：15000000001
Thu, 10 Jul 2025 17:58:12-root-log.py-[line:221]-INFO-[日志信息]: 点击：验证码登录
Thu, 10 Jul 2025 17:58:13-root-log.py-[line:221]-INFO-[日志信息]: 点击：请输入账号,并输入值：15000000001
Thu, 10 Jul 2025 17:58:13-root-log.py-[line:221]-INFO-[日志信息]: 点击：获取验证码
Thu, 10 Jul 2025 17:58:14-root-log.py-[line:221]-INFO-[日志信息]: 点击：请输入验证码,并输入值：1234
Thu, 10 Jul 2025 17:58:14-root-log.py-[line:221]-INFO-[日志信息]: 点击：登录
Thu, 10 Jul 2025 18:01:38-root-log.py-[line:221]-INFO-[日志信息]: 点击：验证码登录
Thu, 10 Jul 2025 18:01:39-root-log.py-[line:221]-INFO-[日志信息]: 点击：请输入账号,并输入值：15000000001
Thu, 10 Jul 2025 18:01:39-root-log.py-[line:221]-INFO-[日志信息]: 点击：获取验证码
Thu, 10 Jul 2025 18:01:40-root-log.py-[line:221]-INFO-[日志信息]: 点击：请输入验证码,并输入值：1234
Thu, 10 Jul 2025 18:01:40-root-log.py-[line:221]-INFO-[日志信息]: 点击：登录
Thu, 10 Jul 2025 18:01:40-root-log.py-[line:221]-INFO-[日志信息]: 用户基础数据
Thu, 10 Jul 2025 18:01:40-root-log.py-[line:221]-INFO-[日志信息]: 点击('xpath', "//i[@class='el-icon']//*[name()='svg']//*[name()='path' and contains(@fill,'currentCol')]")
Thu, 10 Jul 2025 18:01:41-root-log.py-[line:221]-INFO-[日志信息]: 点击：退出登录
Thu, 10 Jul 2025 18:01:41-root-log.py-[line:221]-INFO-[日志信息]: 登录成功，断言通过
Thu, 10 Jul 2025 18:13:09-root-log.py-[line:221]-INFO-[日志信息]: 点击：验证码登录
Thu, 10 Jul 2025 18:13:10-root-log.py-[line:221]-INFO-[日志信息]: 点击：请输入账号,并输入值：15000000001
Thu, 10 Jul 2025 18:13:10-root-log.py-[line:221]-INFO-[日志信息]: 点击：获取验证码
Thu, 10 Jul 2025 18:13:10-root-log.py-[line:221]-INFO-[日志信息]: 点击：请输入验证码,并输入值：1234
Thu, 10 Jul 2025 18:13:11-root-log.py-[line:221]-INFO-[日志信息]: 点击：登录
Thu, 10 Jul 2025 18:13:11-root-log.py-[line:221]-INFO-[日志信息]: 用户基础数据
Thu, 10 Jul 2025 18:13:11-root-log.py-[line:221]-INFO-[日志信息]: 点击('xpath', "//i[@class='el-icon']//*[name()='svg']//*[name()='path' and contains(@fill,'currentCol')]")
Thu, 10 Jul 2025 18:13:11-root-log.py-[line:221]-INFO-[日志信息]: 点击：退出登录
Thu, 10 Jul 2025 18:13:11-root-log.py-[line:221]-INFO-[日志信息]: 登录成功，断言通过
