Mon, 14 Jul 2025 14:28:05-root-log.py-[line:227]-ERROR-[日志信息]: Message: unknown error: net::ERR_CONNECTION_TIMED_OUT
  (Session info: chrome=138.0.7204.97)
Stacktrace:
	GetHandleVerifier [0x0x7ff71b106f65+76917]
	GetHandleVerifier [0x0x7ff71b106fc0+77008]
	(No symbol) [0x0x7ff71aeb9dea]
	(No symbol) [0x0x7ff71aeb6ba5]
	(No symbol) [0x0x7ff71aea7879]
	(No symbol) [0x0x7ff71aea9631]
	(No symbol) [0x0x7ff71aea7b96]
	(No symbol) [0x0x7ff71aea75f6]
	(No symbol) [0x0x7ff71aea72ba]
	(No symbol) [0x0x7ff71aea4e8b]
	(No symbol) [0x0x7ff71aea570c]
	(No symbol) [0x0x7ff71aebdd9a]
	(No symbol) [0x0x7ff71af6143e]
	(No symbol) [0x0x7ff71af3846a]
	(No symbol) [0x0x7ff71af6065c]
	(No symbol) [0x0x7ff71af38243]
	(No symbol) [0x0x7ff71af01431]
	(No symbol) [0x0x7ff71af021c3]
	GetHandleVerifier [0x0x7ff71b3dd29d+3051437]
	GetHandleVerifier [0x0x7ff71b3d78f3+3028483]
	GetHandleVerifier [0x0x7ff71b3f588d+3151261]
	GetHandleVerifier [0x0x7ff71b12182e+185662]
	GetHandleVerifier [0x0x7ff71b1296ef+218111]
	GetHandleVerifier [0x0x7ff71b10fae4+112628]
	GetHandleVerifier [0x0x7ff71b10fc99+113065]
	GetHandleVerifier [0x0x7ff71b0f6c68+10616]
	BaseThreadInitThunk [0x0x7ffb6ccce8d7+23]
	RtlUserThreadStart [0x0x7ffb6d7dc34c+44]

Mon, 14 Jul 2025 14:31:43-root-log.py-[line:227]-ERROR-[日志信息]: 获取弹窗异常:Message: 
Stacktrace:
	GetHandleVerifier [0x0x7ff71b106f65+76917]
	GetHandleVerifier [0x0x7ff71b106fc0+77008]
	(No symbol) [0x0x7ff71aeb9dea]
	(No symbol) [0x0x7ff71af10256]
	(No symbol) [0x0x7ff71af1050c]
	(No symbol) [0x0x7ff71af63887]
	(No symbol) [0x0x7ff71af384af]
	(No symbol) [0x0x7ff71af6065c]
	(No symbol) [0x0x7ff71af38243]
	(No symbol) [0x0x7ff71af01431]
	(No symbol) [0x0x7ff71af021c3]
	GetHandleVerifier [0x0x7ff71b3dd29d+3051437]
	GetHandleVerifier [0x0x7ff71b3d78f3+3028483]
	GetHandleVerifier [0x0x7ff71b3f588d+3151261]
	GetHandleVerifier [0x0x7ff71b12182e+185662]
	GetHandleVerifier [0x0x7ff71b1296ef+218111]
	GetHandleVerifier [0x0x7ff71b10fae4+112628]
	GetHandleVerifier [0x0x7ff71b10fc99+113065]
	GetHandleVerifier [0x0x7ff71b0f6c68+10616]
	BaseThreadInitThunk [0x0x7ffb6ccce8d7+23]
	RtlUserThreadStart [0x0x7ffb6d7dc34c+44]

Mon, 14 Jul 2025 14:36:02-root-log.py-[line:227]-ERROR-[日志信息]: 获取弹窗异常:Message: 
Stacktrace:
	GetHandleVerifier [0x0x7ff71b106f65+76917]
	GetHandleVerifier [0x0x7ff71b106fc0+77008]
	(No symbol) [0x0x7ff71aeb9dea]
	(No symbol) [0x0x7ff71af10256]
	(No symbol) [0x0x7ff71af1050c]
	(No symbol) [0x0x7ff71af63887]
	(No symbol) [0x0x7ff71af384af]
	(No symbol) [0x0x7ff71af6065c]
	(No symbol) [0x0x7ff71af38243]
	(No symbol) [0x0x7ff71af01431]
	(No symbol) [0x0x7ff71af021c3]
	GetHandleVerifier [0x0x7ff71b3dd29d+3051437]
	GetHandleVerifier [0x0x7ff71b3d78f3+3028483]
	GetHandleVerifier [0x0x7ff71b3f588d+3151261]
	GetHandleVerifier [0x0x7ff71b12182e+185662]
	GetHandleVerifier [0x0x7ff71b1296ef+218111]
	GetHandleVerifier [0x0x7ff71b10fae4+112628]
	GetHandleVerifier [0x0x7ff71b10fc99+113065]
	GetHandleVerifier [0x0x7ff71b0f6c68+10616]
	BaseThreadInitThunk [0x0x7ffb6ccce8d7+23]
	RtlUserThreadStart [0x0x7ffb6d7dc34c+44]

Mon, 14 Jul 2025 14:36:17-root-log.py-[line:227]-ERROR-[日志信息]: 获取弹窗异常:Message: 
Stacktrace:
	GetHandleVerifier [0x0x7ff71b106f65+76917]
	GetHandleVerifier [0x0x7ff71b106fc0+77008]
	(No symbol) [0x0x7ff71aeb9dea]
	(No symbol) [0x0x7ff71af10256]
	(No symbol) [0x0x7ff71af1050c]
	(No symbol) [0x0x7ff71af63887]
	(No symbol) [0x0x7ff71af384af]
	(No symbol) [0x0x7ff71af6065c]
	(No symbol) [0x0x7ff71af38243]
	(No symbol) [0x0x7ff71af01431]
	(No symbol) [0x0x7ff71af021c3]
	GetHandleVerifier [0x0x7ff71b3dd29d+3051437]
	GetHandleVerifier [0x0x7ff71b3d78f3+3028483]
	GetHandleVerifier [0x0x7ff71b3f588d+3151261]
	GetHandleVerifier [0x0x7ff71b12182e+185662]
	GetHandleVerifier [0x0x7ff71b1296ef+218111]
	GetHandleVerifier [0x0x7ff71b10fae4+112628]
	GetHandleVerifier [0x0x7ff71b10fc99+113065]
	GetHandleVerifier [0x0x7ff71b0f6c68+10616]
	BaseThreadInitThunk [0x0x7ffb6ccce8d7+23]
	RtlUserThreadStart [0x0x7ffb6d7dc34c+44]

Mon, 14 Jul 2025 14:39:10-root-log.py-[line:227]-ERROR-[日志信息]: 获取弹窗异常:Message: 
Stacktrace:
	GetHandleVerifier [0x0x7ff71b106f65+76917]
	GetHandleVerifier [0x0x7ff71b106fc0+77008]
	(No symbol) [0x0x7ff71aeb9dea]
	(No symbol) [0x0x7ff71af10256]
	(No symbol) [0x0x7ff71af1050c]
	(No symbol) [0x0x7ff71af63887]
	(No symbol) [0x0x7ff71af384af]
	(No symbol) [0x0x7ff71af6065c]
	(No symbol) [0x0x7ff71af38243]
	(No symbol) [0x0x7ff71af01431]
	(No symbol) [0x0x7ff71af021c3]
	GetHandleVerifier [0x0x7ff71b3dd29d+3051437]
	GetHandleVerifier [0x0x7ff71b3d78f3+3028483]
	GetHandleVerifier [0x0x7ff71b3f588d+3151261]
	GetHandleVerifier [0x0x7ff71b12182e+185662]
	GetHandleVerifier [0x0x7ff71b1296ef+218111]
	GetHandleVerifier [0x0x7ff71b10fae4+112628]
	GetHandleVerifier [0x0x7ff71b10fc99+113065]
	GetHandleVerifier [0x0x7ff71b0f6c68+10616]
	BaseThreadInitThunk [0x0x7ffb6ccce8d7+23]
	RtlUserThreadStart [0x0x7ffb6d7dc34c+44]

Mon, 14 Jul 2025 14:39:25-root-log.py-[line:227]-ERROR-[日志信息]: 获取弹窗异常:Message: 
Stacktrace:
	GetHandleVerifier [0x0x7ff71b106f65+76917]
	GetHandleVerifier [0x0x7ff71b106fc0+77008]
	(No symbol) [0x0x7ff71aeb9dea]
	(No symbol) [0x0x7ff71af10256]
	(No symbol) [0x0x7ff71af1050c]
	(No symbol) [0x0x7ff71af63887]
	(No symbol) [0x0x7ff71af384af]
	(No symbol) [0x0x7ff71af6065c]
	(No symbol) [0x0x7ff71af38243]
	(No symbol) [0x0x7ff71af01431]
	(No symbol) [0x0x7ff71af021c3]
	GetHandleVerifier [0x0x7ff71b3dd29d+3051437]
	GetHandleVerifier [0x0x7ff71b3d78f3+3028483]
	GetHandleVerifier [0x0x7ff71b3f588d+3151261]
	GetHandleVerifier [0x0x7ff71b12182e+185662]
	GetHandleVerifier [0x0x7ff71b1296ef+218111]
	GetHandleVerifier [0x0x7ff71b10fae4+112628]
	GetHandleVerifier [0x0x7ff71b10fc99+113065]
	GetHandleVerifier [0x0x7ff71b0f6c68+10616]
	BaseThreadInitThunk [0x0x7ffb6ccce8d7+23]
	RtlUserThreadStart [0x0x7ffb6d7dc34c+44]

Mon, 14 Jul 2025 14:41:52-root-log.py-[line:227]-ERROR-[日志信息]: 获取弹窗异常:Message: invalid selector: Unable to locate an element with the xpath expression .el-message__content because of the following error:
SyntaxError: Failed to execute 'evaluate' on 'Document': The string '.el-message__content' is not a valid XPath expression.
  (Session info: chrome=138.0.7204.97); For documentation on this error, please visit: https://www.selenium.dev/documentation/webdriver/troubleshooting/errors#invalid-selector-exception
Stacktrace:
	GetHandleVerifier [0x0x7ff71b106f65+76917]
	GetHandleVerifier [0x0x7ff71b106fc0+77008]
	(No symbol) [0x0x7ff71aeb9dea]
	(No symbol) [0x0x7ff71aec1789]
	(No symbol) [0x0x7ff71aec482c]
	(No symbol) [0x0x7ff71aec48ff]
	(No symbol) [0x0x7ff71af0fb07]
	(No symbol) [0x0x7ff71af1050c]
	(No symbol) [0x0x7ff71af63887]
	(No symbol) [0x0x7ff71af384af]
	(No symbol) [0x0x7ff71af6065c]
	(No symbol) [0x0x7ff71af38243]
	(No symbol) [0x0x7ff71af01431]
	(No symbol) [0x0x7ff71af021c3]
	GetHandleVerifier [0x0x7ff71b3dd29d+3051437]
	GetHandleVerifier [0x0x7ff71b3d78f3+3028483]
	GetHandleVerifier [0x0x7ff71b3f588d+3151261]
	GetHandleVerifier [0x0x7ff71b12182e+185662]
	GetHandleVerifier [0x0x7ff71b1296ef+218111]
	GetHandleVerifier [0x0x7ff71b10fae4+112628]
	GetHandleVerifier [0x0x7ff71b10fc99+113065]
	GetHandleVerifier [0x0x7ff71b0f6c68+10616]
	BaseThreadInitThunk [0x0x7ffb6ccce8d7+23]
	RtlUserThreadStart [0x0x7ffb6d7dc34c+44]

Mon, 14 Jul 2025 14:41:58-root-log.py-[line:227]-ERROR-[日志信息]: 获取弹窗异常:Message: invalid selector: Unable to locate an element with the xpath expression .el-message__content because of the following error:
SyntaxError: Failed to execute 'evaluate' on 'Document': The string '.el-message__content' is not a valid XPath expression.
  (Session info: chrome=138.0.7204.97); For documentation on this error, please visit: https://www.selenium.dev/documentation/webdriver/troubleshooting/errors#invalid-selector-exception
Stacktrace:
	GetHandleVerifier [0x0x7ff71b106f65+76917]
	GetHandleVerifier [0x0x7ff71b106fc0+77008]
	(No symbol) [0x0x7ff71aeb9dea]
	(No symbol) [0x0x7ff71aec1789]
	(No symbol) [0x0x7ff71aec482c]
	(No symbol) [0x0x7ff71aec48ff]
	(No symbol) [0x0x7ff71af0fb07]
	(No symbol) [0x0x7ff71af1050c]
	(No symbol) [0x0x7ff71af63887]
	(No symbol) [0x0x7ff71af384af]
	(No symbol) [0x0x7ff71af6065c]
	(No symbol) [0x0x7ff71af38243]
	(No symbol) [0x0x7ff71af01431]
	(No symbol) [0x0x7ff71af021c3]
	GetHandleVerifier [0x0x7ff71b3dd29d+3051437]
	GetHandleVerifier [0x0x7ff71b3d78f3+3028483]
	GetHandleVerifier [0x0x7ff71b3f588d+3151261]
	GetHandleVerifier [0x0x7ff71b12182e+185662]
	GetHandleVerifier [0x0x7ff71b1296ef+218111]
	GetHandleVerifier [0x0x7ff71b10fae4+112628]
	GetHandleVerifier [0x0x7ff71b10fc99+113065]
	GetHandleVerifier [0x0x7ff71b0f6c68+10616]
	BaseThreadInitThunk [0x0x7ffb6ccce8d7+23]
	RtlUserThreadStart [0x0x7ffb6d7dc34c+44]

Mon, 14 Jul 2025 16:45:19-root-log.py-[line:227]-ERROR-[日志信息]: 无法定位到该元素('xpath', "//input[@id=//label[contains(normalize-space(), '政策名称')]/@for]").异常为：
Message: 
Stacktrace:
	GetHandleVerifier [0x0x7ff71b106f65+76917]
	GetHandleVerifier [0x0x7ff71b106fc0+77008]
	(No symbol) [0x0x7ff71aeb9dea]
	(No symbol) [0x0x7ff71af10256]
	(No symbol) [0x0x7ff71af1050c]
	(No symbol) [0x0x7ff71af63887]
	(No symbol) [0x0x7ff71af384af]
	(No symbol) [0x0x7ff71af6065c]
	(No symbol) [0x0x7ff71af38243]
	(No symbol) [0x0x7ff71af01431]
	(No symbol) [0x0x7ff71af021c3]
	GetHandleVerifier [0x0x7ff71b3dd29d+3051437]
	GetHandleVerifier [0x0x7ff71b3d78f3+3028483]
	GetHandleVerifier [0x0x7ff71b3f588d+3151261]
	GetHandleVerifier [0x0x7ff71b12182e+185662]
	GetHandleVerifier [0x0x7ff71b1296ef+218111]
	GetHandleVerifier [0x0x7ff71b10fae4+112628]
	GetHandleVerifier [0x0x7ff71b10fc99+113065]
	GetHandleVerifier [0x0x7ff71b0f6c68+10616]
	BaseThreadInitThunk [0x0x7ffb6ccce8d7+23]
	RtlUserThreadStart [0x0x7ffb6d7dc34c+44]

Mon, 14 Jul 2025 16:48:38-root-log.py-[line:227]-ERROR-[日志信息]: 无法定位到该元素('xpath', "//input[@id=//label[contains(normalize-space(), '政策名称')]/@for]").异常为：
Message: 
Stacktrace:
	GetHandleVerifier [0x0x7ff71b106f65+76917]
	GetHandleVerifier [0x0x7ff71b106fc0+77008]
	(No symbol) [0x0x7ff71aeb9dea]
	(No symbol) [0x0x7ff71af10256]
	(No symbol) [0x0x7ff71af1050c]
	(No symbol) [0x0x7ff71af63887]
	(No symbol) [0x0x7ff71af384af]
	(No symbol) [0x0x7ff71af6065c]
	(No symbol) [0x0x7ff71af38243]
	(No symbol) [0x0x7ff71af01431]
	(No symbol) [0x0x7ff71af021c3]
	GetHandleVerifier [0x0x7ff71b3dd29d+3051437]
	GetHandleVerifier [0x0x7ff71b3d78f3+3028483]
	GetHandleVerifier [0x0x7ff71b3f588d+3151261]
	GetHandleVerifier [0x0x7ff71b12182e+185662]
	GetHandleVerifier [0x0x7ff71b1296ef+218111]
	GetHandleVerifier [0x0x7ff71b10fae4+112628]
	GetHandleVerifier [0x0x7ff71b10fc99+113065]
	GetHandleVerifier [0x0x7ff71b0f6c68+10616]
	BaseThreadInitThunk [0x0x7ffb6ccce8d7+23]
	RtlUserThreadStart [0x0x7ffb6d7dc34c+44]

Mon, 14 Jul 2025 16:54:38-root-log.py-[line:227]-ERROR-[日志信息]: 无法定位到该元素('xpath', "//input[@id=//label[contains(normalize-space(), '政策名称')]/@for]").异常为：
Message: invalid session id: session deleted as the browser has closed the connection
from disconnected: unable to send message to renderer
  (Session info: chrome=138.0.7204.97)
Stacktrace:
	GetHandleVerifier [0x0x7ff71b106f65+76917]
	GetHandleVerifier [0x0x7ff71b106fc0+77008]
	(No symbol) [0x0x7ff71aeb9dea]
	(No symbol) [0x0x7ff71aea6531]
	(No symbol) [0x0x7ff71aea649c]
	(No symbol) [0x0x7ff71aea4c2f]
	(No symbol) [0x0x7ff71aea58ef]
	(No symbol) [0x0x7ff71aebf341]
	(No symbol) [0x0x7ff71aebfe37]
	(No symbol) [0x0x7ff71aec482c]
	(No symbol) [0x0x7ff71aec48ff]
	(No symbol) [0x0x7ff71af0fb07]
	(No symbol) [0x0x7ff71af1050c]
	(No symbol) [0x0x7ff71af63887]
	(No symbol) [0x0x7ff71af384af]
	(No symbol) [0x0x7ff71af6065c]
	(No symbol) [0x0x7ff71af38243]
	(No symbol) [0x0x7ff71af01431]
	(No symbol) [0x0x7ff71af021c3]
	GetHandleVerifier [0x0x7ff71b3dd29d+3051437]
	GetHandleVerifier [0x0x7ff71b3d78f3+3028483]
	GetHandleVerifier [0x0x7ff71b3f588d+3151261]
	GetHandleVerifier [0x0x7ff71b12182e+185662]
	GetHandleVerifier [0x0x7ff71b1296ef+218111]
	GetHandleVerifier [0x0x7ff71b10fae4+112628]
	GetHandleVerifier [0x0x7ff71b10fc99+113065]
	GetHandleVerifier [0x0x7ff71b0f6c68+10616]
	BaseThreadInitThunk [0x0x7ffb6ccce8d7+23]
	RtlUserThreadStart [0x0x7ffb6d7dc34c+44]

Mon, 14 Jul 2025 16:56:41-root-log.py-[line:227]-ERROR-[日志信息]: 无法定位到该元素('xpath', "//input[@id=//label[contains(normalize-space(), '政策名称')]/@for]").异常为：
Message: 
Stacktrace:
	GetHandleVerifier [0x0x7ff71b106f65+76917]
	GetHandleVerifier [0x0x7ff71b106fc0+77008]
	(No symbol) [0x0x7ff71aeb9dea]
	(No symbol) [0x0x7ff71af10256]
	(No symbol) [0x0x7ff71af1050c]
	(No symbol) [0x0x7ff71af63887]
	(No symbol) [0x0x7ff71af384af]
	(No symbol) [0x0x7ff71af6065c]
	(No symbol) [0x0x7ff71af38243]
	(No symbol) [0x0x7ff71af01431]
	(No symbol) [0x0x7ff71af021c3]
	GetHandleVerifier [0x0x7ff71b3dd29d+3051437]
	GetHandleVerifier [0x0x7ff71b3d78f3+3028483]
	GetHandleVerifier [0x0x7ff71b3f588d+3151261]
	GetHandleVerifier [0x0x7ff71b12182e+185662]
	GetHandleVerifier [0x0x7ff71b1296ef+218111]
	GetHandleVerifier [0x0x7ff71b10fae4+112628]
	GetHandleVerifier [0x0x7ff71b10fc99+113065]
	GetHandleVerifier [0x0x7ff71b0f6c68+10616]
	BaseThreadInitThunk [0x0x7ffb6ccce8d7+23]
	RtlUserThreadStart [0x0x7ffb6d7dc34c+44]

Mon, 14 Jul 2025 16:57:42-root-log.py-[line:227]-ERROR-[日志信息]: 无法定位到该元素('xpath', "//input[@id=//label[contains(normalize-space(), '政策名称')]/@for]").异常为：
Message: 
Stacktrace:
	GetHandleVerifier [0x0x7ff71b106f65+76917]
	GetHandleVerifier [0x0x7ff71b106fc0+77008]
	(No symbol) [0x0x7ff71aeb9dea]
	(No symbol) [0x0x7ff71af10256]
	(No symbol) [0x0x7ff71af1050c]
	(No symbol) [0x0x7ff71af63887]
	(No symbol) [0x0x7ff71af384af]
	(No symbol) [0x0x7ff71af6065c]
	(No symbol) [0x0x7ff71af38243]
	(No symbol) [0x0x7ff71af01431]
	(No symbol) [0x0x7ff71af021c3]
	GetHandleVerifier [0x0x7ff71b3dd29d+3051437]
	GetHandleVerifier [0x0x7ff71b3d78f3+3028483]
	GetHandleVerifier [0x0x7ff71b3f588d+3151261]
	GetHandleVerifier [0x0x7ff71b12182e+185662]
	GetHandleVerifier [0x0x7ff71b1296ef+218111]
	GetHandleVerifier [0x0x7ff71b10fae4+112628]
	GetHandleVerifier [0x0x7ff71b10fc99+113065]
	GetHandleVerifier [0x0x7ff71b0f6c68+10616]
	BaseThreadInitThunk [0x0x7ffb6ccce8d7+23]
	RtlUserThreadStart [0x0x7ffb6d7dc34c+44]

Mon, 14 Jul 2025 17:05:05-root-log.py-[line:227]-ERROR-[日志信息]: 无法定位到该元素('xpath', "//input[@id=//label[contains(normalize-space(), '政策名称')]/@for]").异常为：
Message: 
Stacktrace:
	GetHandleVerifier [0x0x7ff71b106f65+76917]
	GetHandleVerifier [0x0x7ff71b106fc0+77008]
	(No symbol) [0x0x7ff71aeb9dea]
	(No symbol) [0x0x7ff71af10256]
	(No symbol) [0x0x7ff71af1050c]
	(No symbol) [0x0x7ff71af63887]
	(No symbol) [0x0x7ff71af384af]
	(No symbol) [0x0x7ff71af6065c]
	(No symbol) [0x0x7ff71af38243]
	(No symbol) [0x0x7ff71af01431]
	(No symbol) [0x0x7ff71af021c3]
	GetHandleVerifier [0x0x7ff71b3dd29d+3051437]
	GetHandleVerifier [0x0x7ff71b3d78f3+3028483]
	GetHandleVerifier [0x0x7ff71b3f588d+3151261]
	GetHandleVerifier [0x0x7ff71b12182e+185662]
	GetHandleVerifier [0x0x7ff71b1296ef+218111]
	GetHandleVerifier [0x0x7ff71b10fae4+112628]
	GetHandleVerifier [0x0x7ff71b10fc99+113065]
	GetHandleVerifier [0x0x7ff71b0f6c68+10616]
	BaseThreadInitThunk [0x0x7ffb6ccce8d7+23]
	RtlUserThreadStart [0x0x7ffb6d7dc34c+44]

Mon, 14 Jul 2025 17:09:45-root-log.py-[line:227]-ERROR-[日志信息]: 无法定位到该元素('xpath', "//input[@id=//label[contains(normalize-space(), '政策名称')]/@for]").异常为：
Message: 
Stacktrace:
	GetHandleVerifier [0x0x7ff71b106f65+76917]
	GetHandleVerifier [0x0x7ff71b106fc0+77008]
	(No symbol) [0x0x7ff71aeb9dea]
	(No symbol) [0x0x7ff71af10256]
	(No symbol) [0x0x7ff71af1050c]
	(No symbol) [0x0x7ff71af63887]
	(No symbol) [0x0x7ff71af384af]
	(No symbol) [0x0x7ff71af6065c]
	(No symbol) [0x0x7ff71af38243]
	(No symbol) [0x0x7ff71af01431]
	(No symbol) [0x0x7ff71af021c3]
	GetHandleVerifier [0x0x7ff71b3dd29d+3051437]
	GetHandleVerifier [0x0x7ff71b3d78f3+3028483]
	GetHandleVerifier [0x0x7ff71b3f588d+3151261]
	GetHandleVerifier [0x0x7ff71b12182e+185662]
	GetHandleVerifier [0x0x7ff71b1296ef+218111]
	GetHandleVerifier [0x0x7ff71b10fae4+112628]
	GetHandleVerifier [0x0x7ff71b10fc99+113065]
	GetHandleVerifier [0x0x7ff71b0f6c68+10616]
	BaseThreadInitThunk [0x0x7ffb6ccce8d7+23]
	RtlUserThreadStart [0x0x7ffb6d7dc34c+44]

Mon, 14 Jul 2025 17:12:51-root-log.py-[line:227]-ERROR-[日志信息]: 无法定位到该元素('xpath', "//input[@id=//label[contains(normalize-space(), '政策名称')]/@for]").异常为：
Message: 
Stacktrace:
	GetHandleVerifier [0x0x7ff71b106f65+76917]
	GetHandleVerifier [0x0x7ff71b106fc0+77008]
	(No symbol) [0x0x7ff71aeb9dea]
	(No symbol) [0x0x7ff71af10256]
	(No symbol) [0x0x7ff71af1050c]
	(No symbol) [0x0x7ff71af63887]
	(No symbol) [0x0x7ff71af384af]
	(No symbol) [0x0x7ff71af6065c]
	(No symbol) [0x0x7ff71af38243]
	(No symbol) [0x0x7ff71af01431]
	(No symbol) [0x0x7ff71af021c3]
	GetHandleVerifier [0x0x7ff71b3dd29d+3051437]
	GetHandleVerifier [0x0x7ff71b3d78f3+3028483]
	GetHandleVerifier [0x0x7ff71b3f588d+3151261]
	GetHandleVerifier [0x0x7ff71b12182e+185662]
	GetHandleVerifier [0x0x7ff71b1296ef+218111]
	GetHandleVerifier [0x0x7ff71b10fae4+112628]
	GetHandleVerifier [0x0x7ff71b10fc99+113065]
	GetHandleVerifier [0x0x7ff71b0f6c68+10616]
	BaseThreadInitThunk [0x0x7ffb6ccce8d7+23]
	RtlUserThreadStart [0x0x7ffb6d7dc34c+44]

Mon, 14 Jul 2025 17:15:51-root-log.py-[line:227]-ERROR-[日志信息]: 无法定位到该元素('xpath', "//input[@id=//label[contains(normalize-space(), '政策名称')]/@for]").异常为：
('Connection aborted.', ConnectionResetError(10054, '远程主机强迫关闭了一个现有的连接。', None, 10054, None))
Mon, 14 Jul 2025 17:24:53-root-log.py-[line:227]-ERROR-[日志信息]: 无法定位到该元素('xpath', "//input[@id=//label[contains(normalize-space(), '政策名称')]/@for]").异常为：
Message: 
Stacktrace:
	GetHandleVerifier [0x0x7ff71b106f65+76917]
	GetHandleVerifier [0x0x7ff71b106fc0+77008]
	(No symbol) [0x0x7ff71aeb9dea]
	(No symbol) [0x0x7ff71af10256]
	(No symbol) [0x0x7ff71af1050c]
	(No symbol) [0x0x7ff71af63887]
	(No symbol) [0x0x7ff71af384af]
	(No symbol) [0x0x7ff71af6065c]
	(No symbol) [0x0x7ff71af38243]
	(No symbol) [0x0x7ff71af01431]
	(No symbol) [0x0x7ff71af021c3]
	GetHandleVerifier [0x0x7ff71b3dd29d+3051437]
	GetHandleVerifier [0x0x7ff71b3d78f3+3028483]
	GetHandleVerifier [0x0x7ff71b3f588d+3151261]
	GetHandleVerifier [0x0x7ff71b12182e+185662]
	GetHandleVerifier [0x0x7ff71b1296ef+218111]
	GetHandleVerifier [0x0x7ff71b10fae4+112628]
	GetHandleVerifier [0x0x7ff71b10fc99+113065]
	GetHandleVerifier [0x0x7ff71b0f6c68+10616]
	BaseThreadInitThunk [0x0x7ffb6ccce8d7+23]
	RtlUserThreadStart [0x0x7ffb6d7dc34c+44]

Mon, 14 Jul 2025 17:30:35-root-log.py-[line:227]-ERROR-[日志信息]: 无法定位到该元素('xpath', "//input[@id=//label[contains(normalize-space(), '政策名称')]/@for]").异常为：
Message: 
Stacktrace:
	GetHandleVerifier [0x0x7ff71b106f65+76917]
	GetHandleVerifier [0x0x7ff71b106fc0+77008]
	(No symbol) [0x0x7ff71aeb9dea]
	(No symbol) [0x0x7ff71af10256]
	(No symbol) [0x0x7ff71af1050c]
	(No symbol) [0x0x7ff71af63887]
	(No symbol) [0x0x7ff71af384af]
	(No symbol) [0x0x7ff71af6065c]
	(No symbol) [0x0x7ff71af38243]
	(No symbol) [0x0x7ff71af01431]
	(No symbol) [0x0x7ff71af021c3]
	GetHandleVerifier [0x0x7ff71b3dd29d+3051437]
	GetHandleVerifier [0x0x7ff71b3d78f3+3028483]
	GetHandleVerifier [0x0x7ff71b3f588d+3151261]
	GetHandleVerifier [0x0x7ff71b12182e+185662]
	GetHandleVerifier [0x0x7ff71b1296ef+218111]
	GetHandleVerifier [0x0x7ff71b10fae4+112628]
	GetHandleVerifier [0x0x7ff71b10fc99+113065]
	GetHandleVerifier [0x0x7ff71b0f6c68+10616]
	BaseThreadInitThunk [0x0x7ffb6ccce8d7+23]
	RtlUserThreadStart [0x0x7ffb6d7dc34c+44]

Mon, 14 Jul 2025 17:37:45-root-log.py-[line:227]-ERROR-[日志信息]: 无法定位到该元素('xpath', "//input[@id=//label[contains(normalize-space(), '政策名称')]/@for]").异常为：
Message: 
Stacktrace:
	GetHandleVerifier [0x0x7ff71b106f65+76917]
	GetHandleVerifier [0x0x7ff71b106fc0+77008]
	(No symbol) [0x0x7ff71aeb9dea]
	(No symbol) [0x0x7ff71af10256]
	(No symbol) [0x0x7ff71af1050c]
	(No symbol) [0x0x7ff71af63887]
	(No symbol) [0x0x7ff71af384af]
	(No symbol) [0x0x7ff71af6065c]
	(No symbol) [0x0x7ff71af38243]
	(No symbol) [0x0x7ff71af01431]
	(No symbol) [0x0x7ff71af021c3]
	GetHandleVerifier [0x0x7ff71b3dd29d+3051437]
	GetHandleVerifier [0x0x7ff71b3d78f3+3028483]
	GetHandleVerifier [0x0x7ff71b3f588d+3151261]
	GetHandleVerifier [0x0x7ff71b12182e+185662]
	GetHandleVerifier [0x0x7ff71b1296ef+218111]
	GetHandleVerifier [0x0x7ff71b10fae4+112628]
	GetHandleVerifier [0x0x7ff71b10fc99+113065]
	GetHandleVerifier [0x0x7ff71b0f6c68+10616]
	BaseThreadInitThunk [0x0x7ffb6ccce8d7+23]
	RtlUserThreadStart [0x0x7ffb6d7dc34c+44]

Mon, 14 Jul 2025 17:41:32-root-log.py-[line:227]-ERROR-[日志信息]: 无法定位到该元素('xpath', "//input[@id=//label[contains(normalize-space(), '政策名称')]/@for]").异常为：
Message: 
Stacktrace:
	GetHandleVerifier [0x0x7ff71b106f65+76917]
	GetHandleVerifier [0x0x7ff71b106fc0+77008]
	(No symbol) [0x0x7ff71aeb9dea]
	(No symbol) [0x0x7ff71af10256]
	(No symbol) [0x0x7ff71af1050c]
	(No symbol) [0x0x7ff71af63887]
	(No symbol) [0x0x7ff71af384af]
	(No symbol) [0x0x7ff71af6065c]
	(No symbol) [0x0x7ff71af38243]
	(No symbol) [0x0x7ff71af01431]
	(No symbol) [0x0x7ff71af021c3]
	GetHandleVerifier [0x0x7ff71b3dd29d+3051437]
	GetHandleVerifier [0x0x7ff71b3d78f3+3028483]
	GetHandleVerifier [0x0x7ff71b3f588d+3151261]
	GetHandleVerifier [0x0x7ff71b12182e+185662]
	GetHandleVerifier [0x0x7ff71b1296ef+218111]
	GetHandleVerifier [0x0x7ff71b10fae4+112628]
	GetHandleVerifier [0x0x7ff71b10fc99+113065]
	GetHandleVerifier [0x0x7ff71b0f6c68+10616]
	BaseThreadInitThunk [0x0x7ffb6ccce8d7+23]
	RtlUserThreadStart [0x0x7ffb6d7dc34c+44]

Mon, 14 Jul 2025 17:44:37-root-log.py-[line:227]-ERROR-[日志信息]: 无法定位到该元素('xpath', "//input[@id=//label[contains(normalize-space(), '政策名称')]/@for]").异常为：
Message: 
Stacktrace:
	GetHandleVerifier [0x0x7ff71b106f65+76917]
	GetHandleVerifier [0x0x7ff71b106fc0+77008]
	(No symbol) [0x0x7ff71aeb9dea]
	(No symbol) [0x0x7ff71af10256]
	(No symbol) [0x0x7ff71af1050c]
	(No symbol) [0x0x7ff71af63887]
	(No symbol) [0x0x7ff71af384af]
	(No symbol) [0x0x7ff71af6065c]
	(No symbol) [0x0x7ff71af38243]
	(No symbol) [0x0x7ff71af01431]
	(No symbol) [0x0x7ff71af021c3]
	GetHandleVerifier [0x0x7ff71b3dd29d+3051437]
	GetHandleVerifier [0x0x7ff71b3d78f3+3028483]
	GetHandleVerifier [0x0x7ff71b3f588d+3151261]
	GetHandleVerifier [0x0x7ff71b12182e+185662]
	GetHandleVerifier [0x0x7ff71b1296ef+218111]
	GetHandleVerifier [0x0x7ff71b10fae4+112628]
	GetHandleVerifier [0x0x7ff71b10fc99+113065]
	GetHandleVerifier [0x0x7ff71b0f6c68+10616]
	BaseThreadInitThunk [0x0x7ffb6ccce8d7+23]
	RtlUserThreadStart [0x0x7ffb6d7dc34c+44]

Mon, 14 Jul 2025 18:16:16-root-log.py-[line:227]-ERROR-[日志信息]: <UNK>Message: 
Stacktrace:
	GetHandleVerifier [0x0x7ff71b106f65+76917]
	GetHandleVerifier [0x0x7ff71b106fc0+77008]
	(No symbol) [0x0x7ff71aeb9dea]
	(No symbol) [0x0x7ff71af10256]
	(No symbol) [0x0x7ff71af1050c]
	(No symbol) [0x0x7ff71af63887]
	(No symbol) [0x0x7ff71af384af]
	(No symbol) [0x0x7ff71af6065c]
	(No symbol) [0x0x7ff71af38243]
	(No symbol) [0x0x7ff71af01431]
	(No symbol) [0x0x7ff71af021c3]
	GetHandleVerifier [0x0x7ff71b3dd29d+3051437]
	GetHandleVerifier [0x0x7ff71b3d78f3+3028483]
	GetHandleVerifier [0x0x7ff71b3f588d+3151261]
	GetHandleVerifier [0x0x7ff71b12182e+185662]
	GetHandleVerifier [0x0x7ff71b1296ef+218111]
	GetHandleVerifier [0x0x7ff71b10fae4+112628]
	GetHandleVerifier [0x0x7ff71b10fc99+113065]
	GetHandleVerifier [0x0x7ff71b0f6c68+10616]
	BaseThreadInitThunk [0x0x7ffb6ccce8d7+23]
	RtlUserThreadStart [0x0x7ffb6d7dc34c+44]

